  Wingman.cpp
  WButton.cpp
h:\youtube projects\wingman\wingman\darr.h(67): warning C4018: '>=': signed/unsigned mismatch
  h:\youtube projects\wingman\wingman\darr.h(66): note: while compiling class template member function 'sf::Texture &dArr<sf::Texture>::operator [](int)'
  h:\youtube projects\wingman\wingman\wbutton.cpp(43): note: see reference to function template instantiation 'sf::Texture &dArr<sf::Texture>::operator [](int)' being compiled
  h:\youtube projects\wingman\wingman\wbutton.cpp(4): note: see reference to class template instantiation 'dArr<sf::Texture>' being compiled
  Upgrade.cpp
h:\youtube projects\wingman\wingman\darr.h(67): warning C4018: '>=': signed/unsigned mismatch
  h:\youtube projects\wingman\wingman\darr.h(66): note: while compiling class template member function 'sf::Texture &dArr<sf::Texture>::operator [](int)'
  h:\youtube projects\wingman\wingman\upgrade.cpp(42): note: see reference to function template instantiation 'sf::Texture &dArr<sf::Texture>::operator [](int)' being compiled
  h:\youtube projects\wingman\wingman\upgrade.cpp(3): note: see reference to class template instantiation 'dArr<sf::Texture>' being compiled
  Tile.cpp
h:\youtube projects\wingman\wingman\enemyspawner.h(30): warning C4244: 'argument': conversion from 'int' to 'float', possible loss of data
  TextTag.cpp
h:\youtube projects\wingman\wingman\texttag.cpp(15): warning C4996: 'sf::Text::setColor': was declared deprecated
  h:\youtube projects\wingman\wingman\include\sfml\graphics\text.hpp(177): note: see declaration of 'sf::Text::setColor'
  Stage.cpp
h:\youtube projects\wingman\wingman\enemyspawner.h(30): warning C4244: 'argument': conversion from 'int' to 'float', possible loss of data
h:\youtube projects\wingman\wingman\stage.cpp(61): warning C4244: 'argument': conversion from 'int' to 'float', possible loss of data
h:\youtube projects\wingman\wingman\stage.cpp(167): warning C4244: 'argument': conversion from 'const int' to 'float', possible loss of data
h:\youtube projects\wingman\wingman\stage.cpp(281): warning C4244: 'argument': conversion from 'int' to 'float', possible loss of data
h:\youtube projects\wingman\wingman\stage.cpp(316): warning C4244: 'argument': conversion from 'int' to 'float', possible loss of data
h:\youtube projects\wingman\wingman\stage.cpp(340): warning C4244: 'argument': conversion from 'int' to 'float', possible loss of data
h:\youtube projects\wingman\wingman\stage.cpp(435): warning C4244: '=': conversion from 'int' to 'float', possible loss of data
h:\youtube projects\wingman\wingman\stage.cpp(436): warning C4244: '=': conversion from 'int' to 'float', possible loss of data
h:\youtube projects\wingman\wingman\stage.cpp(494): warning C4244: '=': conversion from 'float' to 'int', possible loss of data
h:\youtube projects\wingman\wingman\stage.cpp(497): warning C4018: '>=': signed/unsigned mismatch
h:\youtube projects\wingman\wingman\stage.cpp(500): warning C4244: '=': conversion from 'float' to 'int', possible loss of data
h:\youtube projects\wingman\wingman\stage.cpp(503): warning C4018: '>=': signed/unsigned mismatch
h:\youtube projects\wingman\wingman\stage.cpp(506): warning C4244: '=': conversion from 'float' to 'int', possible loss of data
h:\youtube projects\wingman\wingman\stage.cpp(509): warning C4018: '>=': signed/unsigned mismatch
h:\youtube projects\wingman\wingman\stage.cpp(512): warning C4244: '=': conversion from 'float' to 'int', possible loss of data
h:\youtube projects\wingman\wingman\stage.cpp(515): warning C4018: '>=': signed/unsigned mismatch
h:\youtube projects\wingman\wingman\stage.cpp(548): warning C4244: 'argument': conversion from 'int' to 'float', possible loss of data
h:\youtube projects\wingman\wingman\darr.h(67): warning C4018: '>=': signed/unsigned mismatch
  h:\youtube projects\wingman\wingman\darr.h(66): note: while compiling class template member function 'sf::Texture &dArr<sf::Texture>::operator [](int)'
  h:\youtube projects\wingman\wingman\stage.cpp(63): note: see reference to function template instantiation 'sf::Texture &dArr<sf::Texture>::operator [](int)' being compiled
  h:\youtube projects\wingman\wingman\stage.cpp(8): note: see reference to class template instantiation 'dArr<sf::Texture>' being compiled
h:\youtube projects\wingman\wingman\darr.h(135): warning C4018: '>=': signed/unsigned mismatch
  h:\youtube projects\wingman\wingman\darr.h(134): note: while compiling class template member function 'void dArr<sf::RectangleShape>::remove(int)'
  h:\youtube projects\wingman\wingman\stage.cpp(426): note: see reference to function template instantiation 'void dArr<sf::RectangleShape>::remove(int)' being compiled
  Powerup.cpp
h:\youtube projects\wingman\wingman\enemyspawner.h(30): warning C4244: 'argument': conversion from 'int' to 'float', possible loss of data
h:\youtube projects\wingman\wingman\darr.h(67): warning C4018: '>=': signed/unsigned mismatch
  h:\youtube projects\wingman\wingman\darr.h(66): note: while compiling class template member function 'sf::Texture &dArr<sf::Texture>::operator [](int)'
  h:\youtube projects\wingman\wingman\powerup.cpp(28): note: see reference to function template instantiation 'sf::Texture &dArr<sf::Texture>::operator [](int)' being compiled
  h:\youtube projects\wingman\wingman\powerup.cpp(4): note: see reference to class template instantiation 'dArr<sf::Texture>' being compiled
  Player.cpp
h:\youtube projects\wingman\wingman\player.cpp(368): warning C4018: '<': signed/unsigned mismatch
h:\youtube projects\wingman\wingman\player.cpp(380): warning C4018: '<': signed/unsigned mismatch
h:\youtube projects\wingman\wingman\player.cpp(392): warning C4018: '<': signed/unsigned mismatch
h:\youtube projects\wingman\wingman\player.cpp(404): warning C4018: '<': signed/unsigned mismatch
h:\youtube projects\wingman\wingman\player.cpp(800): warning C4018: '<': signed/unsigned mismatch
h:\youtube projects\wingman\wingman\darr.h(67): warning C4018: '>=': signed/unsigned mismatch
  h:\youtube projects\wingman\wingman\darr.h(66): note: while compiling class template member function 'sf::Texture &dArr<sf::Texture>::operator [](int)'
  h:\youtube projects\wingman\wingman\player.cpp(133): note: see reference to function template instantiation 'sf::Texture &dArr<sf::Texture>::operator [](int)' being compiled
  h:\youtube projects\wingman\wingman\player.cpp(5): note: see reference to class template instantiation 'dArr<sf::Texture>' being compiled
h:\youtube projects\wingman\wingman\darr.h(135): warning C4018: '>=': signed/unsigned mismatch
  h:\youtube projects\wingman\wingman\darr.h(134): note: while compiling class template member function 'void dArr<Bullet>::remove(int)'
  h:\youtube projects\wingman\wingman\player.cpp(793): note: see reference to function template instantiation 'void dArr<Bullet>::remove(int)' being compiled
  Pickup.cpp
h:\youtube projects\wingman\wingman\darr.h(67): warning C4018: '>=': signed/unsigned mismatch
  h:\youtube projects\wingman\wingman\darr.h(66): note: while compiling class template member function 'sf::Texture &dArr<sf::Texture>::operator [](int)'
  h:\youtube projects\wingman\wingman\pickup.cpp(29): note: see reference to function template instantiation 'sf::Texture &dArr<sf::Texture>::operator [](int)' being compiled
  h:\youtube projects\wingman\wingman\pickup.cpp(4): note: see reference to class template instantiation 'dArr<sf::Texture>' being compiled
  Particle.cpp
h:\youtube projects\wingman\wingman\enemyspawner.h(30): warning C4244: 'argument': conversion from 'int' to 'float', possible loss of data
h:\youtube projects\wingman\wingman\particle.cpp(39): warning C4244: '=': conversion from 'int' to 'float', possible loss of data
h:\youtube projects\wingman\wingman\particle.cpp(40): warning C4244: '=': conversion from 'int' to 'float', possible loss of data
h:\youtube projects\wingman\wingman\darr.h(67): warning C4018: '>=': signed/unsigned mismatch
  h:\youtube projects\wingman\wingman\darr.h(66): note: while compiling class template member function 'sf::Texture &dArr<sf::Texture>::operator [](int)'
  h:\youtube projects\wingman\wingman\particle.cpp(28): note: see reference to function template instantiation 'sf::Texture &dArr<sf::Texture>::operator [](int)' being compiled
  h:\youtube projects\wingman\wingman\particle.cpp(4): note: see reference to class template instantiation 'dArr<sf::Texture>' being compiled
  Map.cpp
h:\youtube projects\wingman\wingman\enemyspawner.h(30): warning C4244: 'argument': conversion from 'int' to 'float', possible loss of data
  MainMenu.cpp
h:\youtube projects\wingman\wingman\darr.h(67): warning C4018: '>=': signed/unsigned mismatch
  h:\youtube projects\wingman\wingman\darr.h(66): note: while compiling class template member function 'WButton &dArr<WButton>::operator [](int)'
  h:\youtube projects\wingman\wingman\mainmenu.cpp(83): note: see reference to function template instantiation 'WButton &dArr<WButton>::operator [](int)' being compiled
  h:\youtube projects\wingman\wingman\mainmenu.h(31): note: see reference to class template instantiation 'dArr<WButton>' being compiled
  main.cpp
h:\youtube projects\wingman\wingman\enemyspawner.h(30): warning C4244: 'argument': conversion from 'int' to 'float', possible loss of data
h:\youtube projects\wingman\wingman\main.cpp(8): warning C4244: 'argument': conversion from 'time_t' to 'unsigned int', possible loss of data
  GameMapMaker.cpp
h:\youtube projects\wingman\wingman\enemyspawner.h(30): warning C4244: 'argument': conversion from 'int' to 'float', possible loss of data
h:\youtube projects\wingman\wingman\gamemapmaker.cpp(243): warning C4804: '<': unsafe use of type 'bool' in operation
h:\youtube projects\wingman\wingman\gamemapmaker.cpp(243): warning C4804: '>': unsafe use of type 'bool' in operation
h:\youtube projects\wingman\wingman\gamemapmaker.cpp(315): warning C4244: 'argument': conversion from 'unsigned int' to 'float', possible loss of data
h:\youtube projects\wingman\wingman\gamemapmaker.cpp(332): warning C4996: 'sf::Text::setColor': was declared deprecated
  h:\youtube projects\wingman\wingman\include\sfml\graphics\text.hpp(177): note: see declaration of 'sf::Text::setColor'
h:\youtube projects\wingman\wingman\gamemapmaker.cpp(339): warning C4996: 'sf::Text::setColor': was declared deprecated
  h:\youtube projects\wingman\wingman\include\sfml\graphics\text.hpp(177): note: see declaration of 'sf::Text::setColor'
h:\youtube projects\wingman\wingman\gamemapmaker.cpp(357): warning C4244: 'argument': conversion from 'int' to 'float', possible loss of data
h:\youtube projects\wingman\wingman\gamemapmaker.cpp(404): warning C4244: '=': conversion from 'float' to 'int', possible loss of data
h:\youtube projects\wingman\wingman\gamemapmaker.cpp(405): warning C4244: '=': conversion from 'float' to 'int', possible loss of data
h:\youtube projects\wingman\wingman\gamemapmaker.cpp(612): warning C4244: 'argument': conversion from 'int' to 'float', possible loss of data
h:\youtube projects\wingman\wingman\gamemapmaker.cpp(646): warning C4800: 'int': forcing value to bool 'true' or 'false' (performance warning)
h:\youtube projects\wingman\wingman\gamemapmaker.cpp(662): warning C4244: 'argument': conversion from 'int' to 'float', possible loss of data
h:\youtube projects\wingman\wingman\gamemapmaker.cpp(701): warning C4244: 'argument': conversion from 'int' to 'float', possible loss of data
h:\youtube projects\wingman\wingman\gamemapmaker.cpp(708): warning C4244: 'argument': conversion from 'int' to 'float', possible loss of data
h:\youtube projects\wingman\wingman\darr.h(67): warning C4018: '>=': signed/unsigned mismatch
  h:\youtube projects\wingman\wingman\darr.h(66): note: while compiling class template member function 'WButton &dArr<WButton>::operator [](int)'
  h:\youtube projects\wingman\wingman\gamemapmaker.cpp(690): note: see reference to function template instantiation 'WButton &dArr<WButton>::operator [](int)' being compiled
  h:\youtube projects\wingman\wingman\mainmenu.h(31): note: see reference to class template instantiation 'dArr<WButton>' being compiled
  Game.cpp
h:\youtube projects\wingman\wingman\enemyspawner.h(30): warning C4244: 'argument': conversion from 'int' to 'float', possible loss of data
h:\youtube projects\wingman\wingman\game.cpp(86): warning C4244: 'argument': conversion from 'unsigned int' to 'float', possible loss of data
h:\youtube projects\wingman\wingman\game.cpp(146): warning C4244: 'argument': conversion from 'float' to 'sf::Uint8', possible loss of data
h:\youtube projects\wingman\wingman\game.cpp(149): warning C4244: 'argument': conversion from 'float' to 'sf::Uint8', possible loss of data
h:\youtube projects\wingman\wingman\game.cpp(152): warning C4244: 'argument': conversion from 'float' to 'sf::Uint8', possible loss of data
h:\youtube projects\wingman\wingman\game.cpp(163): warning C4244: 'argument': conversion from 'unsigned int' to 'float', possible loss of data
h:\youtube projects\wingman\wingman\game.cpp(137): warning C4996: 'sf::Text::setColor': was declared deprecated
  h:\youtube projects\wingman\wingman\include\sfml\graphics\text.hpp(177): note: see declaration of 'sf::Text::setColor'
h:\youtube projects\wingman\wingman\game.cpp(142): warning C4996: 'sf::Text::setColor': was declared deprecated
  h:\youtube projects\wingman\wingman\include\sfml\graphics\text.hpp(177): note: see declaration of 'sf::Text::setColor'
h:\youtube projects\wingman\wingman\game.cpp(283): warning C4244: 'argument': conversion from 'unsigned int' to 'float', possible loss of data
h:\youtube projects\wingman\wingman\game.cpp(374): warning C4018: '>=': signed/unsigned mismatch
h:\youtube projects\wingman\wingman\game.cpp(418): warning C4244: 'argument': conversion from 'float' to 'sf::Uint8', possible loss of data
h:\youtube projects\wingman\wingman\game.cpp(427): warning C4244: 'argument': conversion from 'float' to 'sf::Uint8', possible loss of data
h:\youtube projects\wingman\wingman\game.cpp(538): warning C4018: '<': signed/unsigned mismatch
h:\youtube projects\wingman\wingman\game.cpp(555): warning C4018: '<': signed/unsigned mismatch
h:\youtube projects\wingman\wingman\game.cpp(565): warning C4244: 'argument': conversion from 'int' to 'float', possible loss of data
h:\youtube projects\wingman\wingman\game.cpp(588): warning C4018: '<': signed/unsigned mismatch
h:\youtube projects\wingman\wingman\game.cpp(598): warning C4244: 'argument': conversion from 'int' to 'float', possible loss of data
h:\youtube projects\wingman\wingman\game.cpp(799): warning C4244: '=': conversion from 'float' to 'int', possible loss of data
h:\youtube projects\wingman\wingman\game.cpp(805): warning C4244: '=': conversion from 'float' to 'int', possible loss of data
h:\youtube projects\wingman\wingman\game.cpp(811): warning C4244: '=': conversion from 'float' to 'int', possible loss of data
h:\youtube projects\wingman\wingman\game.cpp(817): warning C4244: '=': conversion from 'float' to 'int', possible loss of data
h:\youtube projects\wingman\wingman\game.cpp(823): warning C4018: '<': signed/unsigned mismatch
h:\youtube projects\wingman\wingman\game.cpp(825): warning C4018: '<': signed/unsigned mismatch
h:\youtube projects\wingman\wingman\game.cpp(930): warning C4244: '=': conversion from 'float' to 'int', possible loss of data
h:\youtube projects\wingman\wingman\game.cpp(936): warning C4244: '=': conversion from 'float' to 'int', possible loss of data
h:\youtube projects\wingman\wingman\game.cpp(942): warning C4244: '=': conversion from 'float' to 'int', possible loss of data
h:\youtube projects\wingman\wingman\game.cpp(948): warning C4244: '=': conversion from 'float' to 'int', possible loss of data
h:\youtube projects\wingman\wingman\game.cpp(954): warning C4018: '<': signed/unsigned mismatch
h:\youtube projects\wingman\wingman\game.cpp(956): warning C4018: '<': signed/unsigned mismatch
h:\youtube projects\wingman\wingman\game.cpp(981): warning C4018: '<': signed/unsigned mismatch
h:\youtube projects\wingman\wingman\game.cpp(992): warning C4244: 'argument': conversion from 'int' to 'float', possible loss of data
h:\youtube projects\wingman\wingman\game.cpp(992): warning C4800: 'int': forcing value to bool 'true' or 'false' (performance warning)
h:\youtube projects\wingman\wingman\game.cpp(1048): warning C4018: '<': signed/unsigned mismatch
h:\youtube projects\wingman\wingman\game.cpp(1058): warning C4244: 'argument': conversion from 'int' to 'float', possible loss of data
h:\youtube projects\wingman\wingman\darr.h(67): warning C4018: '>=': signed/unsigned mismatch
  h:\youtube projects\wingman\wingman\darr.h(66): note: while compiling class template member function 'Bullet &dArr<Bullet>::operator [](int)'
  h:\youtube projects\wingman\wingman\game.cpp(1011): note: see reference to function template instantiation 'Bullet &dArr<Bullet>::operator [](int)' being compiled
  h:\youtube projects\wingman\wingman\player.h(35): note: see reference to class template instantiation 'dArr<Bullet>' being compiled
h:\youtube projects\wingman\wingman\darr.h(135): warning C4018: '>=': signed/unsigned mismatch
  h:\youtube projects\wingman\wingman\darr.h(134): note: while compiling class template member function 'void dArr<Bullet>::remove(int)'
  h:\youtube projects\wingman\wingman\game.cpp(1095): note: see reference to function template instantiation 'void dArr<Bullet>::remove(int)' being compiled
  EnemySpawner.cpp
h:\youtube projects\wingman\wingman\enemyspawner.h(30): warning C4244: 'argument': conversion from 'int' to 'float', possible loss of data
h:\youtube projects\wingman\wingman\enemyspawner.cpp(61): warning C4244: 'argument': conversion from 'int' to 'float', possible loss of data
h:\youtube projects\wingman\wingman\enemyspawner.cpp(62): warning C4244: 'argument': conversion from 'int' to 'float', possible loss of data
h:\youtube projects\wingman\wingman\darr.h(67): warning C4018: '>=': signed/unsigned mismatch
  h:\youtube projects\wingman\wingman\darr.h(66): note: while compiling class template member function 'sf::Texture &dArr<sf::Texture>::operator [](int)'
  h:\youtube projects\wingman\wingman\enemyspawner.cpp(64): note: see reference to function template instantiation 'sf::Texture &dArr<sf::Texture>::operator [](int)' being compiled
  h:\youtube projects\wingman\wingman\enemyspawner.cpp(64): note: see reference to class template instantiation 'dArr<sf::Texture>' being compiled
  Enemy.cpp
h:\youtube projects\wingman\wingman\enemy.cpp(73): warning C4244: '=': conversion from 'int' to 'float', possible loss of data
h:\youtube projects\wingman\wingman\enemy.cpp(85): warning C4244: '=': conversion from 'int' to 'float', possible loss of data
h:\youtube projects\wingman\wingman\enemy.cpp(99): warning C4244: '=': conversion from 'int' to 'float', possible loss of data
h:\youtube projects\wingman\wingman\enemy.cpp(116): warning C4244: '=': conversion from 'int' to 'float', possible loss of data
h:\youtube projects\wingman\wingman\enemy.cpp(130): warning C4244: '=': conversion from 'int' to 'float', possible loss of data
h:\youtube projects\wingman\wingman\enemy.cpp(145): warning C4244: 'argument': conversion from 'int' to 'float', possible loss of data
h:\youtube projects\wingman\wingman\enemy.cpp(201): warning C4305: '=': truncation from 'double' to 'float'
h:\youtube projects\wingman\wingman\enemy.cpp(203): warning C4305: '=': truncation from 'double' to 'float'
h:\youtube projects\wingman\wingman\enemy.cpp(206): warning C4305: '=': truncation from 'double' to 'float'
h:\youtube projects\wingman\wingman\enemy.cpp(208): warning C4244: 'argument': conversion from 'double' to 'float', possible loss of data
h:\youtube projects\wingman\wingman\enemy.cpp(269): warning C4244: 'argument': conversion from 'double' to 'float', possible loss of data
h:\youtube projects\wingman\wingman\darr.h(67): warning C4018: '>=': signed/unsigned mismatch
  h:\youtube projects\wingman\wingman\darr.h(66): note: while compiling class template member function 'sf::Texture &dArr<sf::Texture>::operator [](int)'
  h:\youtube projects\wingman\wingman\enemy.cpp(44): note: see reference to function template instantiation 'sf::Texture &dArr<sf::Texture>::operator [](int)' being compiled
  h:\youtube projects\wingman\wingman\enemy.cpp(6): note: see reference to class template instantiation 'dArr<sf::Texture>' being compiled
  Bullet.cpp
h:\youtube projects\wingman\wingman\bullet.cpp(60): warning C4244: 'argument': conversion from 'double' to 'float', possible loss of data
h:\youtube projects\wingman\wingman\darr.h(67): warning C4018: '>=': signed/unsigned mismatch
  h:\youtube projects\wingman\wingman\darr.h(66): note: while compiling class template member function 'sf::Texture &dArr<sf::Texture>::operator [](int)'
  h:\youtube projects\wingman\wingman\bullet.cpp(41): note: see reference to function template instantiation 'sf::Texture &dArr<sf::Texture>::operator [](int)' being compiled
  h:\youtube projects\wingman\wingman\bullet.cpp(3): note: see reference to class template instantiation 'dArr<sf::Texture>' being compiled
  Boss.cpp
h:\youtube projects\wingman\wingman\darr.h(67): warning C4018: '>=': signed/unsigned mismatch
  h:\youtube projects\wingman\wingman\darr.h(66): note: while compiling class template member function 'sf::Texture &dArr<sf::Texture>::operator [](int)'
  h:\youtube projects\wingman\wingman\boss.cpp(22): note: see reference to function template instantiation 'sf::Texture &dArr<sf::Texture>::operator [](int)' being compiled
  h:\youtube projects\wingman\wingman\boss.cpp(13): note: see reference to class template instantiation 'dArr<sf::Texture>' being compiled
  Generating Code...
h:\youtube projects\wingman\wingman\player.h(132): warning C4172: returning address of local variable or temporary
  Wingman.vcxproj -> H:\YOUTUBE PROJECTS\Wingman\Debug\Wingman.exe
  Wingman.vcxproj -> H:\YOUTUBE PROJECTS\Wingman\Debug\Wingman.pdb (Full PDB)
